<?xml version="1.0" encoding="UTF-8"?>
<!-- Generated by org.testng.reporters.JUnitXMLReporter -->
<testsuite hostname="DESKTOP-427T7RD" ignored="0" name="Test" tests="3" failures="0" timestamp="04 Aug 2018 11:00:19 GMT" time="50.002" errors="0">
  <testcase name="addnewPostWordpress" time="29.705" classname="com.wordpress.test.AddDelBinPosts"/>
  <testcase name="deleteAllPost" time="8.314" classname="com.wordpress.test.AddDelBinPosts"/>
  <testcase name="deleteBinPost" time="7.032" classname="com.wordpress.test.AddDelBinPosts"/>
</testsuite> <!-- Test -->
